[1;92m                         _
 _ __  _ __ _____      _| | ___ _ __
| '_ \| '__/ _ \ \ /\ / / |/ _ \ '__|
| |_) | | | (_) \ V  V /| |  __/ |
| .__/|_|  \___/ \_/\_/ |_|\___|_|v3.11.3
|_|[34m the handy cloud security tool

[33mDate: 2025-10-18 11:12:55[0m


This report is being generated using credentials below:

AWS-CLI Profile: [33m[default][0m AWS Filter Region: [33m[us-east-2][0m
AWS Account: [33m[117622437454][0m UserId: [33m[AIDARWYWX6ZHDPSNWGW5P][0m
Caller Identity ARN: [33m[arn:aws:iam::117622437454:user/scanner-user][0m

[1mExecuting 301 checks, please wait...[0m

Something went wrong in iam_avoid_root_usage, please use --log-level ERROR
Something went wrong in iam_rotate_access_key_90_days, please use --log-level ERROR
Something went wrong in iam_user_accesskey_unused, please use --log-level ERROR
-> [32mScan completed![0m |▉▉▉▉▉▉▉▉▉▉▉▉▉▉▉▉▉▉▉▉▉▉▉▉▉▉▉▉▉▉▉▉▉▉▉▉▉▉▉▉| 301/301 [100%] in 1:25.4 

Overview Results:
╭────────────────────┬────────────────────╮
│ [31m63.73% (65) Failed[0m │ [32m32.35% (33) Passed[0m │
╰────────────────────┴────────────────────╯

Account [33m117622437454[0m Scan Results (severity columns are for fails only):
╭────────────┬───────────────────┬───────────┬────────────┬────────┬──────────┬───────╮
│ Provider   │ Service           │ Status    │   Critical │   High │   Medium │   Low │
├────────────┼───────────────────┼───────────┼────────────┼────────┼──────────┼───────┤
│ aws        │ accessanalyzer    │ [31mFAIL (1)[0m  │          [91m0[0m │      [31m0[0m │        [33m0[0m │     [34m1[0m │
├────────────┼───────────────────┼───────────┼────────────┼────────┼──────────┼───────┤
│ aws        │ account           │ [31mFAIL (1)[0m  │          [91m0[0m │      [31m0[0m │        [33m1[0m │     [34m0[0m │
├────────────┼───────────────────┼───────────┼────────────┼────────┼──────────┼───────┤
│ aws        │ athena            │ [31mFAIL (2)[0m  │          [91m0[0m │      [31m0[0m │        [33m2[0m │     [34m0[0m │
├────────────┼───────────────────┼───────────┼────────────┼────────┼──────────┼───────┤
│ aws        │ backup            │ [31mFAIL (1)[0m  │          [91m0[0m │      [31m0[0m │        [33m0[0m │     [34m1[0m │
├────────────┼───────────────────┼───────────┼────────────┼────────┼──────────┼───────┤
│ aws        │ cloudtrail        │ [31mFAIL (4)[0m  │          [91m0[0m │      [31m1[0m │        [33m0[0m │     [34m3[0m │
├────────────┼───────────────────┼───────────┼────────────┼────────┼──────────┼───────┤
│ aws        │ cloudwatch        │ [31mFAIL (15)[0m │          [91m0[0m │      [31m0[0m │       [33m15[0m │     [34m0[0m │
├────────────┼───────────────────┼───────────┼────────────┼────────┼──────────┼───────┤
│ aws        │ config            │ [31mFAIL (1)[0m  │          [91m0[0m │      [31m0[0m │        [33m1[0m │     [34m0[0m │
├────────────┼───────────────────┼───────────┼────────────┼────────┼──────────┼───────┤
│ aws        │ drs               │ [31mFAIL (1)[0m  │          [91m0[0m │      [31m0[0m │        [33m1[0m │     [34m0[0m │
├────────────┼───────────────────┼───────────┼────────────┼────────┼──────────┼───────┤
│ aws        │ ec2               │ [31mFAIL (5)[0m  │          [91m0[0m │      [31m1[0m │        [33m4[0m │     [34m0[0m │
├────────────┼───────────────────┼───────────┼────────────┼────────┼──────────┼───────┤
│ aws        │ emr               │ [32mPASS (1)[0m  │          [91m0[0m │      [31m0[0m │        [33m0[0m │     [34m0[0m │
├────────────┼───────────────────┼───────────┼────────────┼────────┼──────────┼───────┤
│ aws        │ glue              │ [31mFAIL (2)[0m  │          [91m0[0m │      [31m0[0m │        [33m2[0m │     [34m0[0m │
├────────────┼───────────────────┼───────────┼────────────┼────────┼──────────┼───────┤
│ aws        │ guardduty         │ [31mFAIL (1)[0m  │          [91m0[0m │      [31m0[0m │        [33m1[0m │     [34m0[0m │
├────────────┼───────────────────┼───────────┼────────────┼────────┼──────────┼───────┤
│ aws        │ iam               │ [31mFAIL (14)[0m │          [91m2[0m │      [31m2[0m │        [33m9[0m │     [34m1[0m │
├────────────┼───────────────────┼───────────┼────────────┼────────┼──────────┼───────┤
│ aws        │ inspector2        │ [31mFAIL (1)[0m  │          [91m0[0m │      [31m0[0m │        [33m1[0m │     [34m0[0m │
├────────────┼───────────────────┼───────────┼────────────┼────────┼──────────┼───────┤
│ aws        │ macie             │ [31mFAIL (1)[0m  │          [91m0[0m │      [31m0[0m │        [33m0[0m │     [34m1[0m │
├────────────┼───────────────────┼───────────┼────────────┼────────┼──────────┼───────┤
│ aws        │ network-firewall  │ [31mFAIL (1)[0m  │          [91m0[0m │      [31m0[0m │        [33m1[0m │     [34m0[0m │
├────────────┼───────────────────┼───────────┼────────────┼────────┼──────────┼───────┤
│ aws        │ organizations     │ [31mFAIL (3)[0m  │          [91m0[0m │      [31m0[0m │        [33m2[0m │     [34m1[0m │
├────────────┼───────────────────┼───────────┼────────────┼────────┼──────────┼───────┤
│ aws        │ resourceexplorer2 │ [31mFAIL (1)[0m  │          [91m0[0m │      [31m0[0m │        [33m0[0m │     [34m1[0m │
├────────────┼───────────────────┼───────────┼────────────┼────────┼──────────┼───────┤
│ aws        │ s3                │ [31mFAIL (1)[0m  │          [91m0[0m │      [31m1[0m │        [33m0[0m │     [34m0[0m │
├────────────┼───────────────────┼───────────┼────────────┼────────┼──────────┼───────┤
│ aws        │ securityhub       │ [31mFAIL (1)[0m  │          [91m0[0m │      [31m0[0m │        [33m1[0m │     [34m0[0m │
├────────────┼───────────────────┼───────────┼────────────┼────────┼──────────┼───────┤
│ aws        │ ssm               │ [31mFAIL (1)[0m  │          [91m0[0m │      [31m0[0m │        [33m0[0m │     [34m1[0m │
├────────────┼───────────────────┼───────────┼────────────┼────────┼──────────┼───────┤
│ aws        │ trustedadvisor    │ [32mPASS (1)[0m  │          [91m0[0m │      [31m0[0m │        [33m0[0m │     [34m0[0m │
├────────────┼───────────────────┼───────────┼────────────┼────────┼──────────┼───────┤
│ aws        │ support           │ [31mFAIL (1)[0m  │          [91m0[0m │      [31m0[0m │        [33m0[0m │     [34m1[0m │
├────────────┼───────────────────┼───────────┼────────────┼────────┼──────────┼───────┤
│ aws        │ vpc               │ [31mFAIL (6)[0m  │          [91m0[0m │      [31m0[0m │        [33m6[0m │     [34m0[0m │
╰────────────┴───────────────────┴───────────┴────────────┴────────┴──────────┴───────╯
[1m* You only see here those services that contains resources.[0m

Detailed results are in:
 - JSON: /home/kaliscanner/cloud-host-misconfig-scanner/output/prowler-output-117622437454-20251018111255.json
